d:\junac\documents\marrtin\skola\vut\pgr\project\hellotriangle\obj\x64\debug\d3d12hellotriangle.pch
d:\junac\documents\marrtin\skola\vut\pgr\project\hellotriangle\obj\x64\debug\vc143.pdb
d:\junac\documents\marrtin\skola\vut\pgr\project\hellotriangle\obj\x64\debug\vc143.idb
d:\junac\documents\marrtin\skola\vut\pgr\project\hellotriangle\obj\x64\debug\stdafx.obj
d:\junac\documents\marrtin\skola\vut\pgr\project\hellotriangle\obj\x64\debug\main.obj
d:\junac\documents\marrtin\skola\vut\pgr\project\hellotriangle\obj\x64\debug\dxsample.obj
d:\junac\documents\marrtin\skola\vut\pgr\project\hellotriangle\obj\x64\debug\d3d12hellotriangle.obj
d:\junac\documents\marrtin\skola\vut\pgr\project\hellotriangle\obj\x64\debug\win32application.obj
d:\junac\documents\marrtin\skola\vut\pgr\project\hellotriangle\obj\x64\debug\bottomlevelasgenerator.obj
d:\junac\documents\marrtin\skola\vut\pgr\project\hellotriangle\obj\x64\debug\raytracingpipelinegenerator.obj
d:\junac\documents\marrtin\skola\vut\pgr\project\hellotriangle\obj\x64\debug\rootsignaturegenerator.obj
d:\junac\documents\marrtin\skola\vut\pgr\project\hellotriangle\obj\x64\debug\toplevelasgenerator.obj
d:\junac\documents\marrtin\skola\vut\pgr\project\hellotriangle\obj\x64\debug\shaderbindingtablegenerator.obj
d:\junac\documents\marrtin\skola\vut\pgr\project\hellotriangle\bin\x64\debug\shaders.hlsl
d:\junac\documents\marrtin\skola\vut\pgr\project\hellotriangle\bin\x64\debug\d3d12hellotriangle.exe
d:\junac\documents\marrtin\skola\vut\pgr\project\hellotriangle\obj\x64\debug\d3d12hellotriangle.ilk
d:\junac\documents\marrtin\skola\vut\pgr\project\hellotriangle\bin\x64\debug\d3d12hellotriangle.pdb
d:\junac\documents\marrtin\skola\vut\pgr\project\hellotriangle\obj\x64\debug\d3d12hel.5018f6a3.tlog\cl.command.1.tlog
d:\junac\documents\marrtin\skola\vut\pgr\project\hellotriangle\obj\x64\debug\d3d12hel.5018f6a3.tlog\cl.read.1.tlog
d:\junac\documents\marrtin\skola\vut\pgr\project\hellotriangle\obj\x64\debug\d3d12hel.5018f6a3.tlog\cl.write.1.tlog
d:\junac\documents\marrtin\skola\vut\pgr\project\hellotriangle\obj\x64\debug\d3d12hel.5018f6a3.tlog\custombuild.command.1.tlog
d:\junac\documents\marrtin\skola\vut\pgr\project\hellotriangle\obj\x64\debug\d3d12hel.5018f6a3.tlog\custombuild.read.1.tlog
d:\junac\documents\marrtin\skola\vut\pgr\project\hellotriangle\obj\x64\debug\d3d12hel.5018f6a3.tlog\custombuild.write.1.tlog
d:\junac\documents\marrtin\skola\vut\pgr\project\hellotriangle\obj\x64\debug\d3d12hel.5018f6a3.tlog\link.command.1.tlog
d:\junac\documents\marrtin\skola\vut\pgr\project\hellotriangle\obj\x64\debug\d3d12hel.5018f6a3.tlog\link.read.1.tlog
d:\junac\documents\marrtin\skola\vut\pgr\project\hellotriangle\obj\x64\debug\d3d12hel.5018f6a3.tlog\link.write.1.tlog
